C:\USERS\STB\DESKTOP\BOGDAN_STEFAN_333CA_TEMA1\TEMA1 EGC\LAB2\DEBUG\DRAWINGWINDOW.OBJ
C:\USERS\STB\DESKTOP\BOGDAN_STEFAN_333CA_TEMA1\TEMA1 EGC\LAB2\DEBUG\TRANSFORM2D.OBJ
C:\USERS\STB\DESKTOP\BOGDAN_STEFAN_333CA_TEMA1\TEMA1 EGC\LAB2\DEBUG\VISUAL2D.OBJ
C:\USERS\STB\DESKTOP\BOGDAN_STEFAN_333CA_TEMA1\TEMA1 EGC\LAB2\DEBUG\TEMA1.OBJ
C:\USERS\STB\DESKTOP\BOGDAN_STEFAN_333CA_TEMA1\TEMA1 EGC\LAB2\DEBUG\VC110.PDB
C:\USERS\STB\DESKTOP\BOGDAN_STEFAN_333CA_TEMA1\TEMA1 EGC\DEBUG\TEMA1.ILK
C:\USERS\STB\DESKTOP\BOGDAN_STEFAN_333CA_TEMA1\TEMA1 EGC\DEBUG\TEMA1.EXE
C:\USERS\STB\DESKTOP\BOGDAN_STEFAN_333CA_TEMA1\TEMA1 EGC\DEBUG\TEMA1.PDB
C:\Users\stb\Desktop\Bogdan_Stefan_333CA_Tema1\Tema1 EGC\lab2\Debug\DrawingWindow.obj
C:\Users\stb\Desktop\Bogdan_Stefan_333CA_Tema1\Tema1 EGC\lab2\Debug\tema1.obj
C:\Users\stb\Desktop\Bogdan_Stefan_333CA_Tema1\Tema1 EGC\lab2\Debug\Transform2D.obj
C:\Users\stb\Desktop\Bogdan_Stefan_333CA_Tema1\Tema1 EGC\lab2\Debug\Visual2D.obj
C:\Users\stb\Desktop\Bogdan_Stefan_333CA_Tema1\Tema1 EGC\lab2\Debug\cl.command.1.tlog
C:\Users\stb\Desktop\Bogdan_Stefan_333CA_Tema1\Tema1 EGC\lab2\Debug\CL.read.1.tlog
C:\Users\stb\Desktop\Bogdan_Stefan_333CA_Tema1\Tema1 EGC\lab2\Debug\CL.write.1.tlog
C:\Users\stb\Desktop\Bogdan_Stefan_333CA_Tema1\Tema1 EGC\lab2\Debug\link-cvtres.read.1.tlog
C:\Users\stb\Desktop\Bogdan_Stefan_333CA_Tema1\Tema1 EGC\lab2\Debug\link-cvtres.write.1.tlog
C:\Users\stb\Desktop\Bogdan_Stefan_333CA_Tema1\Tema1 EGC\lab2\Debug\link-rc.read.1.tlog
C:\Users\stb\Desktop\Bogdan_Stefan_333CA_Tema1\Tema1 EGC\lab2\Debug\link-rc.write.1.tlog
C:\Users\stb\Desktop\Bogdan_Stefan_333CA_Tema1\Tema1 EGC\lab2\Debug\link.command.1.tlog
C:\Users\stb\Desktop\Bogdan_Stefan_333CA_Tema1\Tema1 EGC\lab2\Debug\link.read.1.tlog
C:\Users\stb\Desktop\Bogdan_Stefan_333CA_Tema1\Tema1 EGC\lab2\Debug\link.write.1.tlog
C:\Users\stb\Desktop\Bogdan_Stefan_333CA_Tema1\Tema1 EGC\lab2\Debug\vc110.idb
C:\Users\stb\Desktop\Bogdan_Stefan_333CA_Tema1\Tema1 EGC\lab2\Debug\vc110.pdb
C:\Users\stb\Desktop\Bogdan_Stefan_333CA_Tema1\Tema1 EGC\Debug\tema1.pdb
C:\Users\stb\Desktop\Bogdan_Stefan_333CA_Tema1\Tema1 EGC\Debug\tema1.exe
C:\Users\stb\Desktop\Bogdan_Stefan_333CA_Tema1\Tema1 EGC\Debug\tema1.ilk
