C:\USERS\ANCA\DROPBOX\LAB EGC SPG 2013\EGC\LAB2 2013\LAB2_EX1_SOLVED\LAB2\DEBUG\DRAWINGWINDOW.OBJ
C:\USERS\ANCA\DROPBOX\LAB EGC SPG 2013\EGC\LAB2 2013\LAB2_EX1_SOLVED\LAB2\DEBUG\TRANSFORM2D.OBJ
C:\USERS\ANCA\DROPBOX\LAB EGC SPG 2013\EGC\LAB2 2013\LAB2_EX1_SOLVED\LAB2\DEBUG\VISUAL2D.OBJ
C:\USERS\ANCA\DROPBOX\LAB EGC SPG 2013\EGC\LAB2 2013\LAB2_EX1_SOLVED\LAB2\DEBUG\MAIN.OBJ
C:\USERS\ANCA\DROPBOX\LAB EGC SPG 2013\EGC\LAB2 2013\LAB2_EX1_SOLVED\LAB2\DEBUG\VC110.PDB
C:\USERS\ANCA\DROPBOX\LAB EGC SPG 2013\EGC\LAB2 2013\LAB2_EX1_SOLVED - COPY\LAB2\DEBUG\DRAWINGWINDOW.OBJ
C:\USERS\ANCA\DROPBOX\LAB EGC SPG 2013\EGC\LAB2 2013\LAB2_EX1_SOLVED - COPY\LAB2\DEBUG\TRANSFORM2D.OBJ
C:\USERS\ANCA\DROPBOX\LAB EGC SPG 2013\EGC\LAB2 2013\LAB2_EX1_SOLVED - COPY\LAB2\DEBUG\VISUAL2D.OBJ
C:\USERS\ANCA\DROPBOX\LAB EGC SPG 2013\EGC\LAB2 2013\LAB2_EX1_SOLVED - COPY\LAB2\DEBUG\MAIN.OBJ
C:\USERS\ANCA\DROPBOX\LAB EGC SPG 2013\EGC\LAB2 2013\LAB2_EX1_SOLVED - COPY\LAB2\DEBUG\VC110.PDB
C:\USERS\ANCA\DROPBOX\LAB EGC SPG 2013\EGC\LAB2 2013\LAB2_EX1_SOLVED - COPY\DEBUG\LAB2.ILK
C:\USERS\ANCA\DROPBOX\LAB EGC SPG 2013\EGC\LAB2 2013\LAB2_EX1_SOLVED - COPY\DEBUG\LAB2.EXE
C:\USERS\ANCA\DROPBOX\LAB EGC SPG 2013\EGC\LAB2 2013\LAB2_EX1_SOLVED - COPY\DEBUG\LAB2.PDB
C:\Users\Anca\Dropbox\LAB EGC SPG 2013\EGC\lab2 2013\lab2_ex1_solved - Copy\lab2\Debug\DrawingWindow.obj
C:\Users\Anca\Dropbox\LAB EGC SPG 2013\EGC\lab2 2013\lab2_ex1_solved - Copy\lab2\Debug\main.obj
C:\Users\Anca\Dropbox\LAB EGC SPG 2013\EGC\lab2 2013\lab2_ex1_solved - Copy\lab2\Debug\Transform2D.obj
C:\Users\Anca\Dropbox\LAB EGC SPG 2013\EGC\lab2 2013\lab2_ex1_solved - Copy\lab2\Debug\Visual2D.obj
C:\Users\Anca\Dropbox\LAB EGC SPG 2013\EGC\lab2 2013\lab2_ex1_solved - Copy\lab2\Debug\cl.command.1.tlog
C:\Users\Anca\Dropbox\LAB EGC SPG 2013\EGC\lab2 2013\lab2_ex1_solved - Copy\lab2\Debug\CL.read.1.tlog
C:\Users\Anca\Dropbox\LAB EGC SPG 2013\EGC\lab2 2013\lab2_ex1_solved - Copy\lab2\Debug\CL.write.1.tlog
C:\Users\Anca\Dropbox\LAB EGC SPG 2013\EGC\lab2 2013\lab2_ex1_solved - Copy\lab2\Debug\link-cvtres.read.1.tlog
C:\Users\Anca\Dropbox\LAB EGC SPG 2013\EGC\lab2 2013\lab2_ex1_solved - Copy\lab2\Debug\link-cvtres.write.1.tlog
C:\Users\Anca\Dropbox\LAB EGC SPG 2013\EGC\lab2 2013\lab2_ex1_solved - Copy\lab2\Debug\link-rc.read.1.tlog
C:\Users\Anca\Dropbox\LAB EGC SPG 2013\EGC\lab2 2013\lab2_ex1_solved - Copy\lab2\Debug\link-rc.write.1.tlog
C:\Users\Anca\Dropbox\LAB EGC SPG 2013\EGC\lab2 2013\lab2_ex1_solved - Copy\lab2\Debug\link.command.1.tlog
C:\Users\Anca\Dropbox\LAB EGC SPG 2013\EGC\lab2 2013\lab2_ex1_solved - Copy\lab2\Debug\link.read.1.tlog
C:\Users\Anca\Dropbox\LAB EGC SPG 2013\EGC\lab2 2013\lab2_ex1_solved - Copy\lab2\Debug\link.write.1.tlog
C:\Users\Anca\Dropbox\LAB EGC SPG 2013\EGC\lab2 2013\lab2_ex1_solved - Copy\lab2\Debug\vc110.idb
C:\Users\Anca\Dropbox\LAB EGC SPG 2013\EGC\lab2 2013\lab2_ex1_solved - Copy\lab2\Debug\vc110.pdb
C:\Users\Anca\Dropbox\LAB EGC SPG 2013\EGC\lab2 2013\lab2_ex1_solved - Copy\Debug\lab2.pdb
C:\Users\Anca\Dropbox\LAB EGC SPG 2013\EGC\lab2 2013\lab2_ex1_solved - Copy\Debug\lab2.exe
C:\Users\Anca\Dropbox\LAB EGC SPG 2013\EGC\lab2 2013\lab2_ex1_solved - Copy\Debug\lab2.ilk
